{"level":"info","message":"What time is the testing at?","timestamp":"2018-02-28T04:16:27.846Z"}
{"level":"info","message":"test","timestamp":"2018-02-28T04:22:13.361Z"}
{"level":"info","message":"{{req.body}}","timestamp":"2018-02-28T04:31:47.358Z"}
{"level":"info","message":"{{req.body}}","timestamp":"2018-02-28T04:31:52.957Z"}
{"level":"info","message":"What time is the testing at?","timestamp":"2018-02-28T04:45:51.238Z"}
{"level":"info","message":"What time is the testing at?","timestamp":"2018-02-28T04:45:53.399Z"}
{"level":"info","message":"test","timestamp":"2018-02-28T04:46:04.180Z"}
{"level":"info","message":"test","timestamp":"2018-02-28T04:46:05.871Z"}
{"level":"info","timestamp":"2018-02-28T04:46:22.544Z"}
{"level":"info","timestamp":"2018-02-28T04:46:24.321Z"}
{"level":"info","message":"Method: GET","timestamp":"2018-03-03T01:53:56.567Z"}
{"level":"info","message":"Method: GET","timestamp":"2018-03-03T01:53:56.614Z"}
{"level":"info","message":"Method: GET","timestamp":"2018-03-03T01:54:34.360Z"}
{"level":"info","message":"Method: GET","timestamp":"2018-03-03T01:54:34.368Z"}
{"level":"info","message":"Method: GET","timestamp":"2018-03-03T01:55:13.387Z"}
{"level":"info","message":"Method: GET","timestamp":"2018-03-03T01:55:16.506Z"}
{"level":"info","message":"Method: GET","timestamp":"2018-03-03T01:55:32.969Z"}
{"level":"info","message":"Method: GET","timestamp":"2018-03-03T01:55:33.459Z"}
{"level":"info","message":"Method: GET","timestamp":"2018-03-03T01:55:39.930Z"}
{"level":"info","message":"Method: GET","timestamp":"2018-03-03T01:58:41.025Z"}
{"level":"info","message":"Method: GET","timestamp":"2018-03-03T01:58:46.980Z"}
{"level":"info","message":"Method: GET","timestamp":"2018-03-03T01:58:49.782Z"}
{"level":"info","message":"Method: GET","timestamp":"2018-03-03T01:58:51.382Z"}
{"level":"info","message":"Method: GET","timestamp":"2018-03-03T01:58:55.230Z"}
{"level":"info","message":"Method: GET","timestamp":"2018-03-03T01:58:57.116Z"}
{"level":"info","message":"Method: GET","timestamp":"2018-03-03T01:58:58.314Z"}
{"level":"info","message":"Method: GET","timestamp":"2018-03-03T01:59:04.665Z"}
{"level":"info","message":"Method: GET","timestamp":"2018-03-03T01:59:05.081Z"}
{"level":"info","message":"Method: GET","timestamp":"2018-03-03T01:59:10.883Z"}
{"level":"info","message":"Method: GET","timestamp":"2018-03-03T01:59:15.364Z"}
{"level":"info","message":"Method: GET","timestamp":"2018-03-03T02:02:27.430Z"}
{"level":"info","message":"Method: GET","timestamp":"2018-03-03T02:02:45.365Z"}
{"level":"info","message":"Method: GET","timestamp":"2018-03-03T02:02:50.843Z"}
{"level":"info","message":"Method: GET","timestamp":"2018-03-03T02:02:55.874Z"}
{"level":"info","message":"Method: GET","timestamp":"2018-03-03T02:02:58.555Z"}
{"level":"info","message":"Method: GET","timestamp":"2018-03-03T02:03:06.089Z"}
{"level":"info","message":"Method: GET","timestamp":"2018-03-03T02:03:08.923Z"}
{"level":"info","message":"Method: GET","timestamp":"2018-03-03T02:03:20.581Z"}
{"level":"info","message":"Method: GET","timestamp":"2018-03-03T02:04:08.904Z"}
{"level":"info","message":"Method: GET","timestamp":"2018-03-03T02:04:10.789Z"}
{"level":"info","message":"Method: GET","timestamp":"2018-03-03T02:04:30.187Z"}
{"level":"info","message":"Method: GET","timestamp":"2018-03-03T02:04:37.252Z"}
{"level":"info","message":"Method: GET","timestamp":"2018-03-03T02:04:42.993Z"}
{"level":"info","message":"Method: GET","timestamp":"2018-03-03T02:05:17.600Z"}
{"level":"info","message":"Method: GET","timestamp":"2018-03-03T02:05:38.509Z"}
{"level":"info","message":"Method: GET","timestamp":"2018-03-03T02:05:40.678Z"}
{"level":"info","message":"Method: GET","timestamp":"2018-03-03T02:05:50.727Z"}
{"level":"info","message":"Method: GET","timestamp":"2018-03-03T02:05:55.428Z"}
{"level":"info","message":"Method: GET","timestamp":"2018-03-03T02:06:06.132Z"}
{"level":"info","message":"Method: GET","timestamp":"2018-03-07T22:56:14.515Z"}
{"level":"info","message":"Method: GET","timestamp":"2018-03-07T22:56:15.477Z"}
{"level":"info","message":"Method: GET","timestamp":"2018-03-07T22:57:08.039Z"}
{"level":"info","message":"Method: GET","timestamp":"2018-03-07T22:57:11.792Z"}
{"level":"info","message":"Method: GET","timestamp":"2018-03-07T22:57:13.984Z"}
{"level":"info","message":"Method: GET","timestamp":"2018-03-07T22:57:15.580Z"}
{"level":"info","message":"Method: GET","timestamp":"2018-03-07T22:57:17.494Z"}
{"level":"info","message":"Method: GET","timestamp":"2018-03-08T04:51:38.945Z"}
{"level":"info","message":"load more news","timestamp":"2018-03-14T03:04:46.150Z"}
{"level":"info","message":"load more news","timestamp":"2018-03-14T03:07:59.063Z"}
{"level":"info","message":"load more news","timestamp":"2018-03-14T03:09:15.348Z"}
{"level":"info","message":"load more news","timestamp":"2018-03-14T03:10:18.500Z"}
{"level":"info","message":"load more news","timestamp":"2018-03-14T03:12:05.093Z"}
{"level":"info","message":"load more news","timestamp":"2018-03-14T03:13:42.180Z"}
{"level":"info","message":"load more news","timestamp":"2018-03-14T03:13:52.594Z"}
{"level":"info","message":"load more news","timestamp":"2018-03-14T03:13:55.222Z"}
{"level":"info","message":"load more news","timestamp":"2018-03-14T03:13:56.328Z"}
{"level":"info","message":"load more news","timestamp":"2018-03-14T03:14:13.980Z"}
{"level":"info","message":"load more news","timestamp":"2018-03-14T03:22:53.340Z"}
